{"/Users/fernando/GITS/gdc-workspace/gdc-common-utils-ts/src/AesManager.ts": {"path":"/Users/fernando/GITS/gdc-workspace/gdc-common-utils-ts/src/AesManager.ts","statementMap":{"0":{"start":{"line":4,"column":0},"end":{"line":4,"column":71}},"1":{"start":{"line":5,"column":0},"end":{"line":5,"column":45}},"2":{"start":{"line":13,"column":31},"end":{"line":13,"column":44}},"3":{"start":{"line":14,"column":30},"end":{"line":14,"column":32}},"4":{"start":{"line":15,"column":40},"end":{"line":15,"column":42}},"5":{"start":{"line":16,"column":36},"end":{"line":16,"column":38}},"6":{"start":{"line":26,"column":4},"end":{"line":28,"column":5}},"7":{"start":{"line":27,"column":6},"end":{"line":27,"column":86}},"8":{"start":{"line":30,"column":15},"end":{"line":30,"column":51}},"9":{"start":{"line":31,"column":21},"end":{"line":31,"column":51}},"10":{"start":{"line":33,"column":19},"end":{"line":35,"column":6}},"11":{"start":{"line":37,"column":4},"end":{"line":37,"column":28}},"12":{"start":{"line":39,"column":23},"end":{"line":39,"column":88}},"13":{"start":{"line":40,"column":16},"end":{"line":40,"column":35}},"14":{"start":{"line":42,"column":4},"end":{"line":46,"column":6}},"15":{"start":{"line":61,"column":4},"end":{"line":63,"column":5}},"16":{"start":{"line":62,"column":6},"end":{"line":62,"column":86}},"17":{"start":{"line":65,"column":28},"end":{"line":65,"column":75}},"18":{"start":{"line":66,"column":21},"end":{"line":66,"column":61}},"19":{"start":{"line":67,"column":20},"end":{"line":67,"column":59}},"20":{"start":{"line":68,"column":21},"end":{"line":68,"column":51}},"21":{"start":{"line":70,"column":21},"end":{"line":72,"column":6}},"22":{"start":{"line":74,"column":4},"end":{"line":74,"column":34}},"23":{"start":{"line":75,"column":4},"end":{"line":75,"column":30}},"24":{"start":{"line":77,"column":27},"end":{"line":77,"column":94}},"25":{"start":{"line":79,"column":4},"end":{"line":79,"column":53}},"26":{"start":{"line":12,"column":0},"end":{"line":12,"column":13}}},"fnMap":{"0":{"name":"(anonymous_0)","decl":{"start":{"line":25,"column":2},"end":{"line":25,"column":7}},"loc":{"start":{"line":25,"column":68},"end":{"line":47,"column":3}}},"1":{"name":"(anonymous_1)","decl":{"start":{"line":56,"column":2},"end":{"line":56,"column":7}},"loc":{"start":{"line":59,"column":15},"end":{"line":80,"column":3}}}},"branchMap":{"0":{"loc":{"start":{"line":26,"column":4},"end":{"line":28,"column":5}},"type":"if","locations":[{"start":{"line":26,"column":4},"end":{"line":28,"column":5}}]},"1":{"loc":{"start":{"line":61,"column":4},"end":{"line":63,"column":5}},"type":"if","locations":[{"start":{"line":61,"column":4},"end":{"line":63,"column":5}}]}},"s":{"0":1,"1":1,"2":2,"3":2,"4":2,"5":2,"6":2,"7":0,"8":2,"9":2,"10":2,"11":2,"12":2,"13":2,"14":2,"15":2,"16":0,"17":2,"18":2,"19":2,"20":2,"21":2,"22":2,"23":2,"24":2,"25":1,"26":1},"f":{"0":2,"1":2},"b":{"0":[0],"1":[0]}}
,"/Users/fernando/GITS/gdc-workspace/gdc-common-utils-ts/src/utils/base-convert.ts": {"path":"/Users/fernando/GITS/gdc-workspace/gdc-common-utils-ts/src/utils/base-convert.ts","statementMap":{"0":{"start":{"line":13,"column":0},"end":{"line":13,"column":16}},"1":{"start":{"line":20,"column":0},"end":{"line":20,"column":16}},"2":{"start":{"line":25,"column":0},"end":{"line":25,"column":16}},"3":{"start":{"line":30,"column":0},"end":{"line":30,"column":16}},"4":{"start":{"line":36,"column":0},"end":{"line":36,"column":16}},"5":{"start":{"line":45,"column":0},"end":{"line":45,"column":16}},"6":{"start":{"line":51,"column":0},"end":{"line":51,"column":16}},"7":{"start":{"line":60,"column":0},"end":{"line":60,"column":16}},"8":{"start":{"line":69,"column":0},"end":{"line":69,"column":16}},"9":{"start":{"line":74,"column":0},"end":{"line":74,"column":16}},"10":{"start":{"line":3,"column":0},"end":{"line":3,"column":null}},"11":{"start":{"line":9,"column":0},"end":{"line":9,"column":62}},"12":{"start":{"line":10,"column":0},"end":{"line":10,"column":56}},"13":{"start":{"line":14,"column":4},"end":{"line":16,"column":16}},"14":{"start":{"line":15,"column":8},"end":{"line":15,"column":60}},"15":{"start":{"line":21,"column":4},"end":{"line":21,"column":53}},"16":{"start":{"line":26,"column":4},"end":{"line":26,"column":46}},"17":{"start":{"line":31,"column":34},"end":{"line":31,"column":56}},"18":{"start":{"line":32,"column":4},"end":{"line":32,"column":35}},"19":{"start":{"line":37,"column":4},"end":{"line":41,"column":5}},"20":{"start":{"line":38,"column":8},"end":{"line":38,"column":69}},"21":{"start":{"line":40,"column":8},"end":{"line":40,"column":27}},"22":{"start":{"line":46,"column":24},"end":{"line":46,"column":58}},"23":{"start":{"line":47,"column":4},"end":{"line":47,"column":42}},"24":{"start":{"line":52,"column":4},"end":{"line":56,"column":5}},"25":{"start":{"line":53,"column":8},"end":{"line":53,"column":69}},"26":{"start":{"line":55,"column":8},"end":{"line":55,"column":27}},"27":{"start":{"line":61,"column":4},"end":{"line":65,"column":5}},"28":{"start":{"line":62,"column":8},"end":{"line":62,"column":62}},"29":{"start":{"line":64,"column":8},"end":{"line":64,"column":62}},"30":{"start":{"line":70,"column":4},"end":{"line":70,"column":31}},"31":{"start":{"line":75,"column":4},"end":{"line":75,"column":50}}},"fnMap":{"0":{"name":"bytesToHexString","decl":{"start":{"line":13,"column":16},"end":{"line":13,"column":32}},"loc":{"start":{"line":13,"column":50},"end":{"line":17,"column":1}}},"1":{"name":"(anonymous_1)","decl":{"start":{"line":14,"column":29},"end":{"line":14,"column":30}},"loc":{"start":{"line":14,"column":38},"end":{"line":16,"column":5}}},"2":{"name":"bytesToBase58","decl":{"start":{"line":20,"column":16},"end":{"line":20,"column":29}},"loc":{"start":{"line":20,"column":47},"end":{"line":22,"column":1}}},"3":{"name":"base58ToBytes","decl":{"start":{"line":25,"column":16},"end":{"line":25,"column":29}},"loc":{"start":{"line":25,"column":47},"end":{"line":27,"column":1}}},"4":{"name":"stringToStdBase64","decl":{"start":{"line":30,"column":16},"end":{"line":30,"column":33}},"loc":{"start":{"line":30,"column":45},"end":{"line":33,"column":1}}},"5":{"name":"base64ToBase64Url","decl":{"start":{"line":36,"column":16},"end":{"line":36,"column":33}},"loc":{"start":{"line":36,"column":53},"end":{"line":42,"column":1}}},"6":{"name":"stringToBase64Url","decl":{"start":{"line":45,"column":16},"end":{"line":45,"column":33}},"loc":{"start":{"line":45,"column":57},"end":{"line":48,"column":1}}},"7":{"name":"base64UrlToBase64","decl":{"start":{"line":51,"column":16},"end":{"line":51,"column":33}},"loc":{"start":{"line":51,"column":53},"end":{"line":57,"column":1}}},"8":{"name":"base64OrUrlSafeToBytes","decl":{"start":{"line":60,"column":16},"end":{"line":60,"column":38}},"loc":{"start":{"line":60,"column":62},"end":{"line":66,"column":1}}},"9":{"name":"bytesToBase64","decl":{"start":{"line":69,"column":16},"end":{"line":69,"column":29}},"loc":{"start":{"line":69,"column":47},"end":{"line":71,"column":1}}},"10":{"name":"bytesToRawBase64UrlSafe","decl":{"start":{"line":74,"column":16},"end":{"line":74,"column":39}},"loc":{"start":{"line":74,"column":57},"end":{"line":76,"column":1}}}},"branchMap":{"0":{"loc":{"start":{"line":37,"column":4},"end":{"line":41,"column":5}},"type":"if","locations":[{"start":{"line":37,"column":4},"end":{"line":41,"column":5}},{"start":{"line":39,"column":11},"end":{"line":41,"column":5}}]},"1":{"loc":{"start":{"line":37,"column":8},"end":{"line":37,"column":91}},"type":"binary-expr","locations":[{"start":{"line":37,"column":8},"end":{"line":37,"column":19}},{"start":{"line":37,"column":24},"end":{"line":37,"column":55}},{"start":{"line":37,"column":59},"end":{"line":37,"column":90}}]},"2":{"loc":{"start":{"line":52,"column":4},"end":{"line":56,"column":5}},"type":"if","locations":[{"start":{"line":52,"column":4},"end":{"line":56,"column":5}},{"start":{"line":54,"column":11},"end":{"line":56,"column":5}}]},"3":{"loc":{"start":{"line":52,"column":8},"end":{"line":52,"column":91}},"type":"binary-expr","locations":[{"start":{"line":52,"column":8},"end":{"line":52,"column":19}},{"start":{"line":52,"column":24},"end":{"line":52,"column":55}},{"start":{"line":52,"column":59},"end":{"line":52,"column":90}}]},"4":{"loc":{"start":{"line":61,"column":4},"end":{"line":65,"column":5}},"type":"if","locations":[{"start":{"line":61,"column":4},"end":{"line":65,"column":5}},{"start":{"line":63,"column":11},"end":{"line":65,"column":5}}]},"5":{"loc":{"start":{"line":61,"column":8},"end":{"line":61,"column":86}},"type":"binary-expr","locations":[{"start":{"line":61,"column":8},"end":{"line":61,"column":45}},{"start":{"line":61,"column":49},"end":{"line":61,"column":86}}]}},"s":{"0":2,"1":2,"2":2,"3":2,"4":2,"5":2,"6":2,"7":2,"8":2,"9":2,"10":2,"11":2,"12":2,"13":0,"14":0,"15":1,"16":1,"17":0,"18":0,"19":0,"20":0,"21":0,"22":0,"23":0,"24":0,"25":0,"26":0,"27":7,"28":0,"29":7,"30":0,"31":8},"f":{"0":0,"1":0,"2":1,"3":1,"4":0,"5":0,"6":0,"7":0,"8":7,"9":0,"10":8},"b":{"0":[0,0],"1":[0,0,0],"2":[0,0],"3":[0,0,0],"4":[0,7],"5":[7,7]}}
,"/Users/fernando/GITS/gdc-workspace/gdc-common-utils-ts/src/utils/baseN.ts": {"path":"/Users/fernando/GITS/gdc-workspace/gdc-common-utils-ts/src/utils/baseN.ts","statementMap":{"0":{"start":{"line":91,"column":0},"end":{"line":91,"column":16}},"1":{"start":{"line":152,"column":0},"end":{"line":152,"column":16}},"2":{"start":{"line":34,"column":0},"end":{"line":34,"column":75}},"3":{"start":{"line":37,"column":31},"end":{"line":37,"column":33}},"4":{"start":{"line":40,"column":13},"end":{"line":40,"column":91}},"5":{"start":{"line":47,"column":4},"end":{"line":47,"column":45}},"6":{"start":{"line":52,"column":4},"end":{"line":52,"column":36}},"7":{"start":{"line":57,"column":4},"end":{"line":57,"column":58}},"8":{"start":{"line":62,"column":35},"end":{"line":62,"column":62}},"9":{"start":{"line":63,"column":4},"end":{"line":63,"column":48}},"10":{"start":{"line":68,"column":4},"end":{"line":68,"column":46}},"11":{"start":{"line":73,"column":35},"end":{"line":73,"column":72}},"12":{"start":{"line":74,"column":4},"end":{"line":74,"column":41}},"13":{"start":{"line":42,"column":0},"end":{"line":42,"column":13}},"14":{"start":{"line":92,"column":2},"end":{"line":94,"column":3}},"15":{"start":{"line":93,"column":4},"end":{"line":93,"column":57}},"16":{"start":{"line":95,"column":2},"end":{"line":97,"column":3}},"17":{"start":{"line":96,"column":4},"end":{"line":96,"column":56}},"18":{"start":{"line":98,"column":2},"end":{"line":100,"column":3}},"19":{"start":{"line":99,"column":4},"end":{"line":99,"column":55}},"20":{"start":{"line":101,"column":2},"end":{"line":103,"column":3}},"21":{"start":{"line":102,"column":4},"end":{"line":102,"column":14}},"22":{"start":{"line":105,"column":23},"end":{"line":105,"column":25}},"23":{"start":{"line":107,"column":10},"end":{"line":107,"column":11}},"24":{"start":{"line":108,"column":15},"end":{"line":108,"column":30}},"25":{"start":{"line":109,"column":16},"end":{"line":109,"column":34}},"26":{"start":{"line":110,"column":17},"end":{"line":110,"column":20}},"27":{"start":{"line":111,"column":2},"end":{"line":123,"column":3}},"28":{"start":{"line":112,"column":16},"end":{"line":112,"column":24}},"29":{"start":{"line":113,"column":4},"end":{"line":117,"column":5}},"30":{"start":{"line":113,"column":17},"end":{"line":113,"column":18}},"31":{"start":{"line":114,"column":6},"end":{"line":114,"column":30}},"32":{"start":{"line":115,"column":6},"end":{"line":115,"column":31}},"33":{"start":{"line":116,"column":6},"end":{"line":116,"column":33}},"34":{"start":{"line":119,"column":4},"end":{"line":122,"column":5}},"35":{"start":{"line":120,"column":6},"end":{"line":120,"column":32}},"36":{"start":{"line":121,"column":6},"end":{"line":121,"column":33}},"37":{"start":{"line":126,"column":2},"end":{"line":128,"column":3}},"38":{"start":{"line":127,"column":4},"end":{"line":127,"column":20}},"39":{"start":{"line":130,"column":2},"end":{"line":132,"column":3}},"40":{"start":{"line":131,"column":4},"end":{"line":131,"column":34}},"41":{"start":{"line":134,"column":2},"end":{"line":139,"column":3}},"42":{"start":{"line":135,"column":18},"end":{"line":135,"column":71}},"43":{"start":{"line":136,"column":4},"end":{"line":138,"column":5}},"44":{"start":{"line":137,"column":6},"end":{"line":137,"column":34}},"45":{"start":{"line":141,"column":2},"end":{"line":141,"column":16}},"46":{"start":{"line":153,"column":2},"end":{"line":155,"column":3}},"47":{"start":{"line":154,"column":4},"end":{"line":154,"column":53}},"48":{"start":{"line":156,"column":2},"end":{"line":158,"column":3}},"49":{"start":{"line":157,"column":4},"end":{"line":157,"column":56}},"50":{"start":{"line":159,"column":2},"end":{"line":161,"column":3}},"51":{"start":{"line":160,"column":4},"end":{"line":160,"column":29}},"52":{"start":{"line":163,"column":14},"end":{"line":163,"column":41}},"53":{"start":{"line":164,"column":2},"end":{"line":170,"column":3}},"54":{"start":{"line":166,"column":4},"end":{"line":166,"column":45}},"55":{"start":{"line":167,"column":4},"end":{"line":169,"column":5}},"56":{"start":{"line":167,"column":17},"end":{"line":167,"column":18}},"57":{"start":{"line":168,"column":6},"end":{"line":168,"column":40}},"58":{"start":{"line":173,"column":2},"end":{"line":173,"column":35}},"59":{"start":{"line":175,"column":15},"end":{"line":175,"column":30}},"60":{"start":{"line":176,"column":16},"end":{"line":176,"column":34}},"61":{"start":{"line":177,"column":16},"end":{"line":177,"column":19}},"62":{"start":{"line":178,"column":2},"end":{"line":195,"column":3}},"63":{"start":{"line":178,"column":15},"end":{"line":178,"column":16}},"64":{"start":{"line":179,"column":18},"end":{"line":179,"column":44}},"65":{"start":{"line":180,"column":4},"end":{"line":182,"column":5}},"66":{"start":{"line":181,"column":6},"end":{"line":181,"column":31}},"67":{"start":{"line":184,"column":16},"end":{"line":184,"column":21}},"68":{"start":{"line":185,"column":4},"end":{"line":189,"column":5}},"69":{"start":{"line":185,"column":17},"end":{"line":185,"column":18}},"70":{"start":{"line":186,"column":6},"end":{"line":186,"column":31}},"71":{"start":{"line":187,"column":6},"end":{"line":187,"column":30}},"72":{"start":{"line":188,"column":6},"end":{"line":188,"column":18}},"73":{"start":{"line":191,"column":4},"end":{"line":194,"column":5}},"74":{"start":{"line":192,"column":6},"end":{"line":192,"column":31}},"75":{"start":{"line":193,"column":6},"end":{"line":193,"column":18}},"76":{"start":{"line":198,"column":2},"end":{"line":200,"column":3}},"77":{"start":{"line":198,"column":15},"end":{"line":198,"column":16}},"78":{"start":{"line":199,"column":4},"end":{"line":199,"column":18}},"79":{"start":{"line":202,"column":2},"end":{"line":202,"column":41}}},"fnMap":{"0":{"name":"(anonymous_0)","decl":{"start":{"line":43,"column":2},"end":{"line":43,"column":18}},"loc":{"start":{"line":43,"column":2},"end":{"line":43,"column":19}}},"1":{"name":"(anonymous_1)","decl":{"start":{"line":46,"column":9},"end":{"line":46,"column":15}},"loc":{"start":{"line":46,"column":88},"end":{"line":48,"column":3}}},"2":{"name":"(anonymous_2)","decl":{"start":{"line":51,"column":9},"end":{"line":51,"column":15}},"loc":{"start":{"line":51,"column":55},"end":{"line":53,"column":3}}},"3":{"name":"(anonymous_3)","decl":{"start":{"line":56,"column":9},"end":{"line":56,"column":15}},"loc":{"start":{"line":56,"column":58},"end":{"line":58,"column":3}}},"4":{"name":"(anonymous_4)","decl":{"start":{"line":61,"column":9},"end":{"line":61,"column":15}},"loc":{"start":{"line":61,"column":50},"end":{"line":64,"column":3}}},"5":{"name":"(anonymous_5)","decl":{"start":{"line":67,"column":9},"end":{"line":67,"column":15}},"loc":{"start":{"line":67,"column":55},"end":{"line":69,"column":3}}},"6":{"name":"(anonymous_6)","decl":{"start":{"line":72,"column":9},"end":{"line":72,"column":15}},"loc":{"start":{"line":72,"column":53},"end":{"line":75,"column":3}}},"7":{"name":"encodeN","decl":{"start":{"line":91,"column":16},"end":{"line":91,"column":23}},"loc":{"start":{"line":91,"column":88},"end":{"line":142,"column":1}}},"8":{"name":"decodeN","decl":{"start":{"line":152,"column":16},"end":{"line":152,"column":23}},"loc":{"start":{"line":152,"column":55},"end":{"line":203,"column":1}}}},"branchMap":{"0":{"loc":{"start":{"line":92,"column":2},"end":{"line":94,"column":3}},"type":"if","locations":[{"start":{"line":92,"column":2},"end":{"line":94,"column":3}}]},"1":{"loc":{"start":{"line":95,"column":2},"end":{"line":97,"column":3}},"type":"if","locations":[{"start":{"line":95,"column":2},"end":{"line":97,"column":3}}]},"2":{"loc":{"start":{"line":98,"column":2},"end":{"line":100,"column":3}},"type":"if","locations":[{"start":{"line":98,"column":2},"end":{"line":100,"column":3}}]},"3":{"loc":{"start":{"line":98,"column":6},"end":{"line":98,"column":58}},"type":"binary-expr","locations":[{"start":{"line":98,"column":6},"end":{"line":98,"column":27}},{"start":{"line":98,"column":31},"end":{"line":98,"column":58}}]},"4":{"loc":{"start":{"line":101,"column":2},"end":{"line":103,"column":3}},"type":"if","locations":[{"start":{"line":101,"column":2},"end":{"line":103,"column":3}}]},"5":{"loc":{"start":{"line":126,"column":14},"end":{"line":126,"column":52}},"type":"binary-expr","locations":[{"start":{"line":126,"column":14},"end":{"line":126,"column":28}},{"start":{"line":126,"column":32},"end":{"line":126,"column":52}}]},"6":{"loc":{"start":{"line":134,"column":2},"end":{"line":139,"column":3}},"type":"if","locations":[{"start":{"line":134,"column":2},"end":{"line":139,"column":3}}]},"7":{"loc":{"start":{"line":136,"column":4},"end":{"line":138,"column":5}},"type":"if","locations":[{"start":{"line":136,"column":4},"end":{"line":138,"column":5}}]},"8":{"loc":{"start":{"line":153,"column":2},"end":{"line":155,"column":3}},"type":"if","locations":[{"start":{"line":153,"column":2},"end":{"line":155,"column":3}}]},"9":{"loc":{"start":{"line":156,"column":2},"end":{"line":158,"column":3}},"type":"if","locations":[{"start":{"line":156,"column":2},"end":{"line":158,"column":3}}]},"10":{"loc":{"start":{"line":159,"column":2},"end":{"line":161,"column":3}},"type":"if","locations":[{"start":{"line":159,"column":2},"end":{"line":161,"column":3}}]},"11":{"loc":{"start":{"line":164,"column":2},"end":{"line":170,"column":3}},"type":"if","locations":[{"start":{"line":164,"column":2},"end":{"line":170,"column":3}}]},"12":{"loc":{"start":{"line":180,"column":4},"end":{"line":182,"column":5}},"type":"if","locations":[{"start":{"line":180,"column":4},"end":{"line":182,"column":5}}]},"13":{"loc":{"start":{"line":198,"column":18},"end":{"line":198,"column":60}},"type":"binary-expr","locations":[{"start":{"line":198,"column":18},"end":{"line":198,"column":36}},{"start":{"line":198,"column":40},"end":{"line":198,"column":60}}]}},"s":{"0":2,"1":2,"2":2,"3":2,"4":2,"5":0,"6":0,"7":0,"8":0,"9":0,"10":0,"11":0,"12":0,"13":2,"14":1,"15":0,"16":1,"17":0,"18":1,"19":0,"20":1,"21":0,"22":1,"23":1,"24":1,"25":1,"26":1,"27":1,"28":12,"29":12,"30":12,"31":93,"32":93,"33":93,"34":12,"35":16,"36":16,"37":1,"38":0,"39":1,"40":17,"41":1,"42":0,"43":0,"44":0,"45":1,"46":1,"47":0,"48":1,"49":0,"50":1,"51":0,"52":1,"53":1,"54":1,"55":1,"56":1,"57":58,"58":1,"59":1,"60":1,"61":1,"62":1,"63":1,"64":17,"65":17,"66":0,"67":17,"68":17,"69":17,"70":98,"71":98,"72":98,"73":17,"74":11,"75":11,"76":1,"77":1,"78":0,"79":1},"f":{"0":0,"1":0,"2":0,"3":0,"4":0,"5":0,"6":0,"7":1,"8":1},"b":{"0":[0],"1":[0],"2":[0],"3":[1,0],"4":[0],"5":[1,0],"6":[0],"7":[0],"8":[0],"9":[0],"10":[0],"11":[1],"12":[0],"13":[1,0]}}
,"/Users/fernando/GITS/gdc-workspace/gdc-common-utils-ts/src/utils/content.ts": {"path":"/Users/fernando/GITS/gdc-workspace/gdc-common-utils-ts/src/utils/content.ts","statementMap":{"0":{"start":{"line":3,"column":0},"end":{"line":3,"column":49}},"1":{"start":{"line":4,"column":0},"end":{"line":4,"column":53}},"2":{"start":{"line":5,"column":0},"end":{"line":5,"column":53}},"3":{"start":{"line":6,"column":0},"end":{"line":6,"column":49}},"4":{"start":{"line":16,"column":31},"end":{"line":16,"column":62}},"5":{"start":{"line":18,"column":31},"end":{"line":18,"column":62}},"6":{"start":{"line":20,"column":32},"end":{"line":20,"column":64}},"7":{"start":{"line":24,"column":24},"end":{"line":24,"column":46}},"8":{"start":{"line":26,"column":28},"end":{"line":26,"column":54}},"9":{"start":{"line":28,"column":27},"end":{"line":28,"column":52}},"10":{"start":{"line":30,"column":41},"end":{"line":30,"column":80}},"11":{"start":{"line":34,"column":30},"end":{"line":34,"column":58}},"12":{"start":{"line":36,"column":27},"end":{"line":36,"column":52}},"13":{"start":{"line":38,"column":27},"end":{"line":38,"column":52}},"14":{"start":{"line":40,"column":31},"end":{"line":40,"column":60}},"15":{"start":{"line":42,"column":31},"end":{"line":42,"column":60}},"16":{"start":{"line":44,"column":31},"end":{"line":44,"column":60}},"17":{"start":{"line":46,"column":31},"end":{"line":46,"column":60}},"18":{"start":{"line":48,"column":27},"end":{"line":48,"column":61}},"19":{"start":{"line":50,"column":27},"end":{"line":50,"column":52}},"20":{"start":{"line":52,"column":37},"end":{"line":52,"column":72}},"21":{"start":{"line":56,"column":26},"end":{"line":56,"column":52}},"22":{"start":{"line":58,"column":24},"end":{"line":58,"column":48}},"23":{"start":{"line":60,"column":27},"end":{"line":60,"column":54}},"24":{"start":{"line":62,"column":38},"end":{"line":62,"column":76}},"25":{"start":{"line":64,"column":33},"end":{"line":64,"column":66}},"26":{"start":{"line":13,"column":0},"end":{"line":13,"column":13}}},"fnMap":{},"branchMap":{},"s":{"0":2,"1":2,"2":2,"3":2,"4":2,"5":2,"6":2,"7":2,"8":2,"9":2,"10":2,"11":2,"12":2,"13":2,"14":2,"15":2,"16":2,"17":2,"18":2,"19":2,"20":2,"21":2,"22":2,"23":2,"24":2,"25":2,"26":2},"f":{},"b":{}}
,"/Users/fernando/GITS/gdc-workspace/gdc-common-utils-ts/src/utils/did.ts": {"path":"/Users/fernando/GITS/gdc-workspace/gdc-common-utils-ts/src/utils/did.ts","statementMap":{"0":{"start":{"line":16,"column":0},"end":{"line":16,"column":16}},"1":{"start":{"line":44,"column":0},"end":{"line":44,"column":16}},"2":{"start":{"line":89,"column":0},"end":{"line":89,"column":16}},"3":{"start":{"line":112,"column":0},"end":{"line":112,"column":16}},"4":{"start":{"line":142,"column":0},"end":{"line":142,"column":16}},"5":{"start":{"line":21,"column":16},"end":{"line":26,"column":4}},"6":{"start":{"line":28,"column":2},"end":{"line":28,"column":46}},"7":{"start":{"line":28,"column":31},"end":{"line":28,"column":32}},"8":{"start":{"line":45,"column":16},"end":{"line":45,"column":30}},"9":{"start":{"line":46,"column":2},"end":{"line":49,"column":3}},"10":{"start":{"line":48,"column":4},"end":{"line":48,"column":15}},"11":{"start":{"line":52,"column":26},"end":{"line":52,"column":76}},"12":{"start":{"line":52,"column":57},"end":{"line":52,"column":75}},"13":{"start":{"line":53,"column":17},"end":{"line":53,"column":40}},"14":{"start":{"line":56,"column":2},"end":{"line":60,"column":3}},"15":{"start":{"line":57,"column":35},"end":{"line":57,"column":54}},"16":{"start":{"line":58,"column":17},"end":{"line":58,"column":36}},"17":{"start":{"line":59,"column":4},"end":{"line":59,"column":49}},"18":{"start":{"line":62,"column":2},"end":{"line":62,"column":50}},"19":{"start":{"line":71,"column":2},"end":{"line":77,"column":3}},"20":{"start":{"line":72,"column":22},"end":{"line":72,"column":37}},"21":{"start":{"line":73,"column":4},"end":{"line":73,"column":46}},"22":{"start":{"line":75,"column":4},"end":{"line":75,"column":73}},"23":{"start":{"line":76,"column":4},"end":{"line":76,"column":23}},"24":{"start":{"line":94,"column":19},"end":{"line":94,"column":54}},"25":{"start":{"line":96,"column":18},"end":{"line":96,"column":84}},"26":{"start":{"line":97,"column":2},"end":{"line":97,"column":65}},"27":{"start":{"line":124,"column":19},"end":{"line":124,"column":70}},"28":{"start":{"line":127,"column":14},"end":{"line":127,"column":44}},"29":{"start":{"line":130,"column":22},"end":{"line":130,"column":43}},"30":{"start":{"line":131,"column":14},"end":{"line":131,"column":58}},"31":{"start":{"line":133,"column":2},"end":{"line":133,"column":22}},"32":{"start":{"line":143,"column":19},"end":{"line":143,"column":58}},"33":{"start":{"line":144,"column":21},"end":{"line":144,"column":32}},"34":{"start":{"line":145,"column":20},"end":{"line":145,"column":37}},"35":{"start":{"line":147,"column":24},"end":{"line":147,"column":54}},"36":{"start":{"line":148,"column":19},"end":{"line":148,"column":75}},"37":{"start":{"line":150,"column":15},"end":{"line":150,"column":102}},"38":{"start":{"line":150,"column":76},"end":{"line":150,"column":101}},"39":{"start":{"line":153,"column":2},"end":{"line":153,"column":51}}},"fnMap":{"0":{"name":"generateServiceId","decl":{"start":{"line":16,"column":16},"end":{"line":16,"column":33}},"loc":{"start":{"line":16,"column":67},"end":{"line":29,"column":1}}},"1":{"name":"(anonymous_1)","decl":{"start":{"line":28,"column":26},"end":{"line":28,"column":27}},"loc":{"start":{"line":28,"column":31},"end":{"line":28,"column":32}}},"2":{"name":"normalizeDidWeb","decl":{"start":{"line":44,"column":16},"end":{"line":44,"column":31}},"loc":{"start":{"line":44,"column":43},"end":{"line":63,"column":1}}},"3":{"name":"(anonymous_3)","decl":{"start":{"line":52,"column":49},"end":{"line":52,"column":53}},"loc":{"start":{"line":52,"column":57},"end":{"line":52,"column":75}}},"4":{"name":"getEncodedHost","decl":{"start":{"line":70,"column":9},"end":{"line":70,"column":23}},"loc":{"start":{"line":70,"column":38},"end":{"line":78,"column":1}}},"5":{"name":"createHostedDidWeb","decl":{"start":{"line":89,"column":16},"end":{"line":89,"column":34}},"loc":{"start":{"line":92,"column":68},"end":{"line":98,"column":1}}},"6":{"name":"buildHostedDidDetails","decl":{"start":{"line":112,"column":16},"end":{"line":112,"column":37}},"loc":{"start":{"line":122,"column":1},"end":{"line":134,"column":1}}},"7":{"name":"getBaseUrlFromDidWeb","decl":{"start":{"line":142,"column":16},"end":{"line":142,"column":36}},"loc":{"start":{"line":142,"column":48},"end":{"line":154,"column":1}}},"8":{"name":"(anonymous_8)","decl":{"start":{"line":150,"column":61},"end":{"line":150,"column":62}},"loc":{"start":{"line":150,"column":76},"end":{"line":150,"column":101}}}},"branchMap":{"0":{"loc":{"start":{"line":46,"column":2},"end":{"line":49,"column":3}},"type":"if","locations":[{"start":{"line":46,"column":2},"end":{"line":49,"column":3}}]},"1":{"loc":{"start":{"line":46,"column":6},"end":{"line":46,"column":66}},"type":"binary-expr","locations":[{"start":{"line":46,"column":6},"end":{"line":46,"column":24}},{"start":{"line":46,"column":28},"end":{"line":46,"column":46}},{"start":{"line":46,"column":50},"end":{"line":46,"column":66}}]},"2":{"loc":{"start":{"line":56,"column":2},"end":{"line":60,"column":3}},"type":"if","locations":[{"start":{"line":56,"column":2},"end":{"line":60,"column":3}}]},"3":{"loc":{"start":{"line":115,"column":2},"end":{"line":115,"column":21}},"type":"default-arg","locations":[{"start":{"line":115,"column":17},"end":{"line":115,"column":21}}]},"4":{"loc":{"start":{"line":116,"column":2},"end":{"line":116,"column":24}},"type":"default-arg","locations":[{"start":{"line":116,"column":11},"end":{"line":116,"column":24}}]},"5":{"loc":{"start":{"line":148,"column":19},"end":{"line":148,"column":75}},"type":"cond-expr","locations":[{"start":{"line":148,"column":59},"end":{"line":148,"column":65}},{"start":{"line":148,"column":68},"end":{"line":148,"column":75}}]}},"s":{"0":2,"1":2,"2":2,"3":2,"4":2,"5":3,"6":3,"7":12,"8":0,"9":0,"10":0,"11":0,"12":0,"13":0,"14":0,"15":0,"16":0,"17":0,"18":0,"19":0,"20":0,"21":0,"22":0,"23":0,"24":0,"25":0,"26":0,"27":0,"28":0,"29":0,"30":0,"31":0,"32":0,"33":0,"34":0,"35":0,"36":0,"37":0,"38":0,"39":0},"f":{"0":3,"1":12,"2":0,"3":0,"4":0,"5":0,"6":0,"7":0,"8":0},"b":{"0":[0],"1":[0,0,0],"2":[0],"3":[0],"4":[0],"5":[0,0]}}
,"/Users/fernando/GITS/gdc-workspace/gdc-common-utils-ts/src/utils/multibase58.ts": {"path":"/Users/fernando/GITS/gdc-workspace/gdc-common-utils-ts/src/utils/multibase58.ts","statementMap":{"0":{"start":{"line":13,"column":0},"end":{"line":13,"column":16}},"1":{"start":{"line":21,"column":0},"end":{"line":21,"column":16}},"2":{"start":{"line":29,"column":0},"end":{"line":29,"column":16}},"3":{"start":{"line":37,"column":0},"end":{"line":37,"column":16}},"4":{"start":{"line":43,"column":0},"end":{"line":43,"column":16}},"5":{"start":{"line":4,"column":0},"end":{"line":4,"column":27}},"6":{"start":{"line":6,"column":28},"end":{"line":6,"column":88}},"7":{"start":{"line":7,"column":18},"end":{"line":7,"column":44}},"8":{"start":{"line":14,"column":2},"end":{"line":14,"column":51}},"9":{"start":{"line":22,"column":2},"end":{"line":24,"column":3}},"10":{"start":{"line":23,"column":4},"end":{"line":23,"column":73}},"11":{"start":{"line":25,"column":2},"end":{"line":25,"column":65}},"12":{"start":{"line":30,"column":19},"end":{"line":30,"column":57}},"13":{"start":{"line":31,"column":2},"end":{"line":31,"column":87}},"14":{"start":{"line":31,"column":41},"end":{"line":31,"column":87}},"15":{"start":{"line":32,"column":16},"end":{"line":32,"column":84}},"16":{"start":{"line":32,"column":67},"end":{"line":32,"column":82}},"17":{"start":{"line":33,"column":2},"end":{"line":33,"column":37}},"18":{"start":{"line":38,"column":16},"end":{"line":38,"column":44}},"19":{"start":{"line":39,"column":2},"end":{"line":39,"column":78}},"20":{"start":{"line":39,"column":36},"end":{"line":39,"column":67}},"21":{"start":{"line":44,"column":14},"end":{"line":44,"column":47}},"22":{"start":{"line":45,"column":2},"end":{"line":45,"column":109}}},"fnMap":{"0":{"name":"encodeMultibase58btc","decl":{"start":{"line":13,"column":16},"end":{"line":13,"column":36}},"loc":{"start":{"line":13,"column":53},"end":{"line":15,"column":1}}},"1":{"name":"decodeMultibase58btc","decl":{"start":{"line":21,"column":16},"end":{"line":21,"column":36}},"loc":{"start":{"line":21,"column":57},"end":{"line":26,"column":1}}},"2":{"name":"encodeHexToMultibase58btc","decl":{"start":{"line":29,"column":16},"end":{"line":29,"column":41}},"loc":{"start":{"line":29,"column":56},"end":{"line":34,"column":1}}},"3":{"name":"(anonymous_4)","decl":{"start":{"line":32,"column":62},"end":{"line":32,"column":63}},"loc":{"start":{"line":32,"column":67},"end":{"line":32,"column":82}}},"4":{"name":"decodeMultibase58btcToHex","decl":{"start":{"line":37,"column":16},"end":{"line":37,"column":41}},"loc":{"start":{"line":37,"column":56},"end":{"line":40,"column":1}}},"5":{"name":"(anonymous_6)","decl":{"start":{"line":39,"column":31},"end":{"line":39,"column":32}},"loc":{"start":{"line":39,"column":36},"end":{"line":39,"column":67}}},"6":{"name":"decodeMultibase58btcToUUID","decl":{"start":{"line":43,"column":16},"end":{"line":43,"column":42}},"loc":{"start":{"line":43,"column":57},"end":{"line":46,"column":1}}}},"branchMap":{"0":{"loc":{"start":{"line":22,"column":2},"end":{"line":24,"column":3}},"type":"if","locations":[{"start":{"line":22,"column":2},"end":{"line":24,"column":3}}]},"1":{"loc":{"start":{"line":31,"column":2},"end":{"line":31,"column":87}},"type":"if","locations":[{"start":{"line":31,"column":2},"end":{"line":31,"column":87}}]}},"s":{"0":2,"1":2,"2":2,"3":2,"4":2,"5":2,"6":2,"7":2,"8":1,"9":3,"10":2,"11":1,"12":0,"13":0,"14":0,"15":0,"16":0,"17":0,"18":0,"19":0,"20":0,"21":0,"22":0},"f":{"0":1,"1":3,"2":0,"3":0,"4":0,"5":0,"6":0},"b":{"0":[2],"1":[0]}}
,"/Users/fernando/GITS/gdc-workspace/gdc-common-utils-ts/src/utils/object-convert.ts": {"path":"/Users/fernando/GITS/gdc-workspace/gdc-common-utils-ts/src/utils/object-convert.ts","statementMap":{"0":{"start":{"line":8,"column":0},"end":{"line":8,"column":16}},"1":{"start":{"line":21,"column":0},"end":{"line":21,"column":16}},"2":{"start":{"line":32,"column":0},"end":{"line":32,"column":16}},"3":{"start":{"line":40,"column":0},"end":{"line":40,"column":16}},"4":{"start":{"line":50,"column":0},"end":{"line":50,"column":16}},"5":{"start":{"line":3,"column":0},"end":{"line":3,"column":50}},"6":{"start":{"line":4,"column":0},"end":{"line":4,"column":75}},"7":{"start":{"line":5,"column":0},"end":{"line":5,"column":60}},"8":{"start":{"line":9,"column":4},"end":{"line":11,"column":5}},"9":{"start":{"line":10,"column":8},"end":{"line":10,"column":21}},"10":{"start":{"line":12,"column":4},"end":{"line":16,"column":5}},"11":{"start":{"line":12,"column":17},"end":{"line":12,"column":18}},"12":{"start":{"line":13,"column":8},"end":{"line":15,"column":9}},"13":{"start":{"line":14,"column":12},"end":{"line":14,"column":25}},"14":{"start":{"line":17,"column":4},"end":{"line":17,"column":16}},"15":{"start":{"line":22,"column":24},"end":{"line":22,"column":59}},"16":{"start":{"line":23,"column":4},"end":{"line":23,"column":23}},"17":{"start":{"line":24,"column":4},"end":{"line":24,"column":33}},"18":{"start":{"line":25,"column":4},"end":{"line":25,"column":23}},"19":{"start":{"line":33,"column":4},"end":{"line":33,"column":51}},"20":{"start":{"line":41,"column":22},"end":{"line":41,"column":41}},"21":{"start":{"line":42,"column":4},"end":{"line":42,"column":46}},"22":{"start":{"line":51,"column":4},"end":{"line":53,"column":5}},"23":{"start":{"line":52,"column":8},"end":{"line":52,"column":54}},"24":{"start":{"line":54,"column":34},"end":{"line":54,"column":62}},"25":{"start":{"line":55,"column":4},"end":{"line":55,"column":52}}},"fnMap":{"0":{"name":"arrayCompare","decl":{"start":{"line":8,"column":16},"end":{"line":8,"column":28}},"loc":{"start":{"line":8,"column":47},"end":{"line":18,"column":1}}},"1":{"name":"arrayMerge","decl":{"start":{"line":21,"column":16},"end":{"line":21,"column":26}},"loc":{"start":{"line":21,"column":55},"end":{"line":26,"column":1}}},"2":{"name":"objectToBytes","decl":{"start":{"line":32,"column":16},"end":{"line":32,"column":29}},"loc":{"start":{"line":32,"column":42},"end":{"line":34,"column":1}}},"3":{"name":"objectToRawBase64UrlSafe","decl":{"start":{"line":40,"column":16},"end":{"line":40,"column":40}},"loc":{"start":{"line":40,"column":53},"end":{"line":43,"column":1}}},"4":{"name":"base64UrlSafeToJSON","decl":{"start":{"line":50,"column":16},"end":{"line":50,"column":35}},"loc":{"start":{"line":50,"column":69},"end":{"line":56,"column":1}}}},"branchMap":{"0":{"loc":{"start":{"line":9,"column":4},"end":{"line":11,"column":5}},"type":"if","locations":[{"start":{"line":9,"column":4},"end":{"line":11,"column":5}}]},"1":{"loc":{"start":{"line":13,"column":8},"end":{"line":15,"column":9}},"type":"if","locations":[{"start":{"line":13,"column":8},"end":{"line":15,"column":9}}]},"2":{"loc":{"start":{"line":51,"column":4},"end":{"line":53,"column":5}},"type":"if","locations":[{"start":{"line":51,"column":4},"end":{"line":53,"column":5}}]}},"s":{"0":2,"1":2,"2":2,"3":2,"4":2,"5":2,"6":2,"7":2,"8":2,"9":0,"10":2,"11":2,"12":8,"13":1,"14":1,"15":0,"16":0,"17":0,"18":0,"19":1,"20":1,"21":1,"22":1,"23":0,"24":1,"25":1},"f":{"0":2,"1":0,"2":1,"3":1,"4":1},"b":{"0":[0],"1":[1],"2":[0]}}
,"/Users/fernando/GITS/gdc-workspace/gdc-common-utils-ts/src/utils/string-convert.ts": {"path":"/Users/fernando/GITS/gdc-workspace/gdc-common-utils-ts/src/utils/string-convert.ts","statementMap":{"0":{"start":{"line":11,"column":0},"end":{"line":11,"column":16}},"1":{"start":{"line":22,"column":0},"end":{"line":22,"column":16}},"2":{"start":{"line":34,"column":0},"end":{"line":34,"column":16}},"3":{"start":{"line":3,"column":0},"end":{"line":3,"column":77}},"4":{"start":{"line":12,"column":4},"end":{"line":12,"column":27}},"5":{"start":{"line":23,"column":4},"end":{"line":23,"column":29}},"6":{"start":{"line":38,"column":4},"end":{"line":38,"column":13}},"7":{"start":{"line":39,"column":4},"end":{"line":39,"column":23}},"8":{"start":{"line":40,"column":4},"end":{"line":40,"column":10}},"9":{"start":{"line":41,"column":4},"end":{"line":69,"column":5}},"10":{"start":{"line":42,"column":8},"end":{"line":42,"column":23}},"11":{"start":{"line":43,"column":8},"end":{"line":68,"column":9}},"12":{"start":{"line":54,"column":16},"end":{"line":54,"column":46}},"13":{"start":{"line":55,"column":16},"end":{"line":55,"column":22}},"14":{"start":{"line":58,"column":16},"end":{"line":58,"column":35}},"15":{"start":{"line":59,"column":16},"end":{"line":59,"column":79}},"16":{"start":{"line":60,"column":16},"end":{"line":60,"column":22}},"17":{"start":{"line":62,"column":16},"end":{"line":62,"column":35}},"18":{"start":{"line":63,"column":16},"end":{"line":63,"column":35}},"19":{"start":{"line":64,"column":16},"end":{"line":66,"column":18}},"20":{"start":{"line":67,"column":16},"end":{"line":67,"column":22}},"21":{"start":{"line":70,"column":4},"end":{"line":70,"column":15}}},"fnMap":{"0":{"name":"stringToBytesUTF8","decl":{"start":{"line":11,"column":16},"end":{"line":11,"column":33}},"loc":{"start":{"line":11,"column":45},"end":{"line":13,"column":1}}},"1":{"name":"bytesToStringUTF8","decl":{"start":{"line":22,"column":16},"end":{"line":22,"column":33}},"loc":{"start":{"line":22,"column":51},"end":{"line":24,"column":1}}},"2":{"name":"bytesToStringASCII","decl":{"start":{"line":34,"column":16},"end":{"line":34,"column":34}},"loc":{"start":{"line":34,"column":52},"end":{"line":71,"column":1}}}},"branchMap":{"0":{"loc":{"start":{"line":43,"column":8},"end":{"line":68,"column":9}},"type":"switch","locations":[{"start":{"line":46,"column":12},"end":{"line":46,"column":19}},{"start":{"line":47,"column":12},"end":{"line":47,"column":19}},{"start":{"line":48,"column":12},"end":{"line":48,"column":19}},{"start":{"line":49,"column":12},"end":{"line":49,"column":19}},{"start":{"line":50,"column":12},"end":{"line":50,"column":19}},{"start":{"line":51,"column":12},"end":{"line":51,"column":19}},{"start":{"line":52,"column":12},"end":{"line":52,"column":19}},{"start":{"line":53,"column":12},"end":{"line":55,"column":22}},{"start":{"line":56,"column":12},"end":{"line":56,"column":20}},{"start":{"line":57,"column":12},"end":{"line":60,"column":22}},{"start":{"line":61,"column":12},"end":{"line":67,"column":22}}]}},"s":{"0":2,"1":2,"2":2,"3":2,"4":7,"5":3,"6":0,"7":0,"8":0,"9":0,"10":0,"11":0,"12":0,"13":0,"14":0,"15":0,"16":0,"17":0,"18":0,"19":0,"20":0,"21":0},"f":{"0":7,"1":3,"2":0},"b":{"0":[0,0,0,0,0,0,0,0,0,0,0]}}
,"/Users/fernando/GITS/gdc-workspace/gdc-common-utils-ts/src/utils/string-utils.ts": {"path":"/Users/fernando/GITS/gdc-workspace/gdc-common-utils-ts/src/utils/string-utils.ts","statementMap":{"0":{"start":{"line":8,"column":0},"end":{"line":8,"column":16}},"1":{"start":{"line":17,"column":0},"end":{"line":17,"column":16}},"2":{"start":{"line":28,"column":0},"end":{"line":28,"column":16}},"3":{"start":{"line":42,"column":0},"end":{"line":42,"column":16}},"4":{"start":{"line":9,"column":4},"end":{"line":9,"column":50}},"5":{"start":{"line":18,"column":4},"end":{"line":18,"column":55}},"6":{"start":{"line":19,"column":4},"end":{"line":19,"column":22}},"7":{"start":{"line":29,"column":16},"end":{"line":29,"column":18}},"8":{"start":{"line":30,"column":4},"end":{"line":32,"column":5}},"9":{"start":{"line":31,"column":8},"end":{"line":31,"column":43}},"10":{"start":{"line":33,"column":4},"end":{"line":33,"column":17}},"11":{"start":{"line":43,"column":14},"end":{"line":43,"column":16}},"12":{"start":{"line":44,"column":12},"end":{"line":44,"column":13}},"13":{"start":{"line":45,"column":4},"end":{"line":68,"column":5}},"14":{"start":{"line":45,"column":17},"end":{"line":45,"column":18}},"15":{"start":{"line":46,"column":16},"end":{"line":46,"column":33}},"16":{"start":{"line":47,"column":8},"end":{"line":67,"column":9}},"17":{"start":{"line":48,"column":12},"end":{"line":48,"column":25}},"18":{"start":{"line":49,"column":15},"end":{"line":67,"column":9}},"19":{"start":{"line":50,"column":12},"end":{"line":50,"column":38}},"20":{"start":{"line":51,"column":12},"end":{"line":51,"column":38}},"21":{"start":{"line":52,"column":15},"end":{"line":67,"column":9}},"22":{"start":{"line":58,"column":12},"end":{"line":58,"column":80}},"23":{"start":{"line":59,"column":12},"end":{"line":59,"column":39}},"24":{"start":{"line":60,"column":12},"end":{"line":60,"column":46}},"25":{"start":{"line":61,"column":12},"end":{"line":61,"column":45}},"26":{"start":{"line":62,"column":12},"end":{"line":62,"column":38}},"27":{"start":{"line":64,"column":12},"end":{"line":64,"column":39}},"28":{"start":{"line":65,"column":12},"end":{"line":65,"column":45}},"29":{"start":{"line":66,"column":12},"end":{"line":66,"column":38}},"30":{"start":{"line":69,"column":4},"end":{"line":69,"column":15}}},"fnMap":{"0":{"name":"capitalize","decl":{"start":{"line":8,"column":16},"end":{"line":8,"column":26}},"loc":{"start":{"line":8,"column":36},"end":{"line":10,"column":1}}},"1":{"name":"sanitizeString","decl":{"start":{"line":17,"column":16},"end":{"line":17,"column":30}},"loc":{"start":{"line":17,"column":42},"end":{"line":20,"column":1}}},"2":{"name":"stringToASCII","decl":{"start":{"line":28,"column":16},"end":{"line":28,"column":29}},"loc":{"start":{"line":28,"column":39},"end":{"line":34,"column":1}}},"3":{"name":"stringToBytesArrayOfNumbers","decl":{"start":{"line":42,"column":16},"end":{"line":42,"column":43}},"loc":{"start":{"line":42,"column":55},"end":{"line":70,"column":1}}}},"branchMap":{"0":{"loc":{"start":{"line":47,"column":8},"end":{"line":67,"column":9}},"type":"if","locations":[{"start":{"line":47,"column":8},"end":{"line":67,"column":9}},{"start":{"line":49,"column":15},"end":{"line":67,"column":9}}]},"1":{"loc":{"start":{"line":49,"column":15},"end":{"line":67,"column":9}},"type":"if","locations":[{"start":{"line":49,"column":15},"end":{"line":67,"column":9}},{"start":{"line":52,"column":15},"end":{"line":67,"column":9}}]},"2":{"loc":{"start":{"line":52,"column":15},"end":{"line":67,"column":9}},"type":"if","locations":[{"start":{"line":52,"column":15},"end":{"line":67,"column":9}},{"start":{"line":63,"column":15},"end":{"line":67,"column":9}}]},"3":{"loc":{"start":{"line":53,"column":12},"end":{"line":55,"column":54}},"type":"binary-expr","locations":[{"start":{"line":53,"column":12},"end":{"line":53,"column":34}},{"start":{"line":54,"column":12},"end":{"line":54,"column":30}},{"start":{"line":55,"column":12},"end":{"line":55,"column":54}}]}},"s":{"0":2,"1":2,"2":2,"3":2,"4":0,"5":0,"6":0,"7":0,"8":0,"9":0,"10":0,"11":0,"12":0,"13":0,"14":0,"15":0,"16":0,"17":0,"18":0,"19":0,"20":0,"21":0,"22":0,"23":0,"24":0,"25":0,"26":0,"27":0,"28":0,"29":0,"30":0},"f":{"0":0,"1":0,"2":0,"3":0},"b":{"0":[0,0],"1":[0,0],"2":[0,0],"3":[0,0,0]}}
}
