TN:
SF:src/AesManager.ts
FN:25,(anonymous_0)
FN:56,(anonymous_1)
FNF:2
FNH:2
FNDA:2,(anonymous_0)
FNDA:2,(anonymous_1)
DA:4,1
DA:5,1
DA:12,1
DA:13,2
DA:14,2
DA:15,2
DA:16,2
DA:26,2
DA:27,0
DA:30,2
DA:31,2
DA:33,2
DA:37,2
DA:39,2
DA:40,2
DA:42,2
DA:61,2
DA:62,0
DA:65,2
DA:66,2
DA:67,2
DA:68,2
DA:70,2
DA:74,2
DA:75,2
DA:77,2
DA:79,1
LF:27
LH:25
BRDA:26,0,0,0
BRDA:61,1,0,0
BRF:2
BRH:0
end_of_record
TN:
SF:src/utils/base-convert.ts
FN:13,bytesToHexString
FN:14,(anonymous_1)
FN:20,bytesToBase58
FN:25,base58ToBytes
FN:30,stringToStdBase64
FN:36,base64ToBase64Url
FN:45,stringToBase64Url
FN:51,base64UrlToBase64
FN:60,base64OrUrlSafeToBytes
FN:69,bytesToBase64
FN:74,bytesToRawBase64UrlSafe
FNF:11
FNH:4
FNDA:0,bytesToHexString
FNDA:0,(anonymous_1)
FNDA:1,bytesToBase58
FNDA:1,base58ToBytes
FNDA:0,stringToStdBase64
FNDA:0,base64ToBase64Url
FNDA:0,stringToBase64Url
FNDA:0,base64UrlToBase64
FNDA:7,base64OrUrlSafeToBytes
FNDA:0,bytesToBase64
FNDA:8,bytesToRawBase64UrlSafe
DA:3,2
DA:9,2
DA:10,2
DA:13,2
DA:14,0
DA:15,0
DA:20,2
DA:21,1
DA:25,2
DA:26,1
DA:30,2
DA:31,0
DA:32,0
DA:36,2
DA:37,0
DA:38,0
DA:40,0
DA:45,2
DA:46,0
DA:47,0
DA:51,2
DA:52,0
DA:53,0
DA:55,0
DA:60,2
DA:61,7
DA:62,0
DA:64,7
DA:69,2
DA:70,0
DA:74,2
DA:75,8
LF:32
LH:18
BRDA:37,0,0,0
BRDA:37,0,1,0
BRDA:37,1,0,0
BRDA:37,1,1,0
BRDA:37,1,2,0
BRDA:52,2,0,0
BRDA:52,2,1,0
BRDA:52,3,0,0
BRDA:52,3,1,0
BRDA:52,3,2,0
BRDA:61,4,0,0
BRDA:61,4,1,7
BRDA:61,5,0,7
BRDA:61,5,1,7
BRF:14
BRH:3
end_of_record
TN:
SF:src/utils/baseN.ts
FN:43,(anonymous_0)
FN:46,(anonymous_1)
FN:51,(anonymous_2)
FN:56,(anonymous_3)
FN:61,(anonymous_4)
FN:67,(anonymous_5)
FN:72,(anonymous_6)
FN:91,encodeN
FN:152,decodeN
FNF:9
FNH:2
FNDA:0,(anonymous_0)
FNDA:0,(anonymous_1)
FNDA:0,(anonymous_2)
FNDA:0,(anonymous_3)
FNDA:0,(anonymous_4)
FNDA:0,(anonymous_5)
FNDA:0,(anonymous_6)
FNDA:1,encodeN
FNDA:1,decodeN
DA:34,2
DA:37,2
DA:40,2
DA:42,2
DA:47,0
DA:52,0
DA:57,0
DA:62,0
DA:63,0
DA:68,0
DA:73,0
DA:74,0
DA:91,2
DA:92,1
DA:93,0
DA:95,1
DA:96,0
DA:98,1
DA:99,0
DA:101,1
DA:102,0
DA:105,1
DA:107,1
DA:108,1
DA:109,1
DA:110,1
DA:111,1
DA:112,12
DA:113,12
DA:114,93
DA:115,93
DA:116,93
DA:119,12
DA:120,16
DA:121,16
DA:126,1
DA:127,0
DA:130,1
DA:131,17
DA:134,1
DA:135,0
DA:136,0
DA:137,0
DA:141,1
DA:152,2
DA:153,1
DA:154,0
DA:156,1
DA:157,0
DA:159,1
DA:160,0
DA:163,1
DA:164,1
DA:166,1
DA:167,1
DA:168,58
DA:173,1
DA:175,1
DA:176,1
DA:177,1
DA:178,1
DA:179,17
DA:180,17
DA:181,0
DA:184,17
DA:185,17
DA:186,98
DA:187,98
DA:188,98
DA:191,17
DA:192,11
DA:193,11
DA:198,1
DA:199,0
DA:202,1
LF:75
LH:54
BRDA:92,0,0,0
BRDA:95,1,0,0
BRDA:98,2,0,0
BRDA:98,3,0,1
BRDA:98,3,1,0
BRDA:101,4,0,0
BRDA:126,5,0,1
BRDA:126,5,1,0
BRDA:134,6,0,0
BRDA:136,7,0,0
BRDA:153,8,0,0
BRDA:156,9,0,0
BRDA:159,10,0,0
BRDA:164,11,0,1
BRDA:180,12,0,0
BRDA:198,13,0,1
BRDA:198,13,1,0
BRF:17
BRH:4
end_of_record
TN:
SF:src/utils/content.ts
FNF:0
FNH:0
DA:3,2
DA:4,2
DA:5,2
DA:6,2
DA:13,2
DA:16,2
DA:18,2
DA:20,2
DA:24,2
DA:26,2
DA:28,2
DA:30,2
DA:34,2
DA:36,2
DA:38,2
DA:40,2
DA:42,2
DA:44,2
DA:46,2
DA:48,2
DA:50,2
DA:52,2
DA:56,2
DA:58,2
DA:60,2
DA:62,2
DA:64,2
LF:27
LH:27
BRF:0
BRH:0
end_of_record
TN:
SF:src/utils/did.ts
FN:16,generateServiceId
FN:28,(anonymous_1)
FN:44,normalizeDidWeb
FN:52,(anonymous_3)
FN:70,getEncodedHost
FN:89,createHostedDidWeb
FN:112,buildHostedDidDetails
FN:142,getBaseUrlFromDidWeb
FN:150,(anonymous_8)
FNF:9
FNH:2
FNDA:3,generateServiceId
FNDA:12,(anonymous_1)
FNDA:0,normalizeDidWeb
FNDA:0,(anonymous_3)
FNDA:0,getEncodedHost
FNDA:0,createHostedDidWeb
FNDA:0,buildHostedDidDetails
FNDA:0,getBaseUrlFromDidWeb
FNDA:0,(anonymous_8)
DA:16,2
DA:21,3
DA:28,12
DA:44,2
DA:45,0
DA:46,0
DA:48,0
DA:52,0
DA:53,0
DA:56,0
DA:57,0
DA:58,0
DA:59,0
DA:62,0
DA:71,0
DA:72,0
DA:73,0
DA:75,0
DA:76,0
DA:89,2
DA:94,0
DA:96,0
DA:97,0
DA:112,2
DA:124,0
DA:127,0
DA:130,0
DA:131,0
DA:133,0
DA:142,2
DA:143,0
DA:144,0
DA:145,0
DA:147,0
DA:148,0
DA:150,0
DA:153,0
LF:37
LH:7
BRDA:46,0,0,0
BRDA:46,1,0,0
BRDA:46,1,1,0
BRDA:46,1,2,0
BRDA:56,2,0,0
BRDA:115,3,0,0
BRDA:116,4,0,0
BRDA:148,5,0,0
BRDA:148,5,1,0
BRF:9
BRH:0
end_of_record
TN:
SF:src/utils/multibase58.ts
FN:13,encodeMultibase58btc
FN:21,decodeMultibase58btc
FN:29,encodeHexToMultibase58btc
FN:32,(anonymous_4)
FN:37,decodeMultibase58btcToHex
FN:39,(anonymous_6)
FN:43,decodeMultibase58btcToUUID
FNF:7
FNH:2
FNDA:1,encodeMultibase58btc
FNDA:3,decodeMultibase58btc
FNDA:0,encodeHexToMultibase58btc
FNDA:0,(anonymous_4)
FNDA:0,decodeMultibase58btcToHex
FNDA:0,(anonymous_6)
FNDA:0,decodeMultibase58btcToUUID
DA:4,2
DA:6,2
DA:7,2
DA:13,2
DA:14,1
DA:21,2
DA:22,3
DA:23,2
DA:25,1
DA:29,2
DA:30,0
DA:31,0
DA:32,0
DA:33,0
DA:37,2
DA:38,0
DA:39,0
DA:43,2
DA:44,0
DA:45,0
LF:20
LH:12
BRDA:22,0,0,2
BRDA:31,1,0,0
BRF:2
BRH:1
end_of_record
TN:
SF:src/utils/object-convert.ts
FN:8,arrayCompare
FN:21,arrayMerge
FN:32,objectToBytes
FN:40,objectToRawBase64UrlSafe
FN:50,base64UrlSafeToJSON
FNF:5
FNH:4
FNDA:2,arrayCompare
FNDA:0,arrayMerge
FNDA:1,objectToBytes
FNDA:1,objectToRawBase64UrlSafe
FNDA:1,base64UrlSafeToJSON
DA:3,2
DA:4,2
DA:5,2
DA:8,2
DA:9,2
DA:10,0
DA:12,2
DA:13,8
DA:14,1
DA:17,1
DA:21,2
DA:22,0
DA:23,0
DA:24,0
DA:25,0
DA:32,2
DA:33,1
DA:40,2
DA:41,1
DA:42,1
DA:50,2
DA:51,1
DA:52,0
DA:54,1
DA:55,1
LF:25
LH:19
BRDA:9,0,0,0
BRDA:13,1,0,1
BRDA:51,2,0,0
BRF:3
BRH:1
end_of_record
TN:
SF:src/utils/string-convert.ts
FN:11,stringToBytesUTF8
FN:22,bytesToStringUTF8
FN:34,bytesToStringASCII
FNF:3
FNH:2
FNDA:7,stringToBytesUTF8
FNDA:3,bytesToStringUTF8
FNDA:0,bytesToStringASCII
DA:3,2
DA:11,2
DA:12,7
DA:22,2
DA:23,3
DA:34,2
DA:38,0
DA:39,0
DA:40,0
DA:41,0
DA:42,0
DA:43,0
DA:54,0
DA:55,0
DA:58,0
DA:59,0
DA:60,0
DA:62,0
DA:63,0
DA:64,0
DA:67,0
DA:70,0
LF:22
LH:6
BRDA:43,0,0,0
BRDA:43,0,1,0
BRDA:43,0,2,0
BRDA:43,0,3,0
BRDA:43,0,4,0
BRDA:43,0,5,0
BRDA:43,0,6,0
BRDA:43,0,7,0
BRDA:43,0,8,0
BRDA:43,0,9,0
BRDA:43,0,10,0
BRF:11
BRH:0
end_of_record
TN:
SF:src/utils/string-utils.ts
FN:8,capitalize
FN:17,sanitizeString
FN:28,stringToASCII
FN:42,stringToBytesArrayOfNumbers
FNF:4
FNH:0
FNDA:0,capitalize
FNDA:0,sanitizeString
FNDA:0,stringToASCII
FNDA:0,stringToBytesArrayOfNumbers
DA:8,2
DA:9,0
DA:17,2
DA:18,0
DA:19,0
DA:28,2
DA:29,0
DA:30,0
DA:31,0
DA:33,0
DA:42,2
DA:43,0
DA:44,0
DA:45,0
DA:46,0
DA:47,0
DA:48,0
DA:49,0
DA:50,0
DA:51,0
DA:52,0
DA:58,0
DA:59,0
DA:60,0
DA:61,0
DA:62,0
DA:64,0
DA:65,0
DA:66,0
DA:69,0
LF:30
LH:4
BRDA:47,0,0,0
BRDA:47,0,1,0
BRDA:49,1,0,0
BRDA:49,1,1,0
BRDA:52,2,0,0
BRDA:52,2,1,0
BRDA:53,3,0,0
BRDA:53,3,1,0
BRDA:53,3,2,0
BRF:9
BRH:0
end_of_record
